<?xml version="1.0" encoding="UTF-8"?>
<!-- Generated by org.testng.reporters.JUnitReportReporter -->
<testsuite hostname="LPNICFMVPG3" failures="0" tests="1" name="com.automation.testcases.TC016_PlaceOrderAndLoginBeforeCheckout" time="45.901" errors="0" timestamp="13 Oct 2024 08:21:49 GMT">
  <testcase classname="com.automation.testcases.TC016_PlaceOrderAndLoginBeforeCheckout" name="TC016_VerifyPlaceOrderAndLoginBeforeCheckout" time="45.901"/>
</testsuite> <!-- com.automation.testcases.TC016_PlaceOrderAndLoginBeforeCheckout -->
