<?xml version="1.0" encoding="UTF-8"?>
<!-- Generated by org.testng.reporters.JUnitReportReporter -->
<testsuite hostname="LPNIFHJLR93" failures="0" tests="1" name="com.automation.exercise.TestBase" time="47.498" errors="0" timestamp="2024-09-19T12:38:28 IST" skipped="0">
  <testcase classname="com.automation.exercise.TestBase" name="LaunchBrower" time="47.498"/>
</testsuite> <!-- com.automation.exercise.TestBase -->
