<?xml version="1.0" encoding="UTF-8"?>
<!-- Generated by org.testng.reporters.JUnitReportReporter -->
<testsuite hostname="LPNICFMVPG3" failures="0" tests="1" name="com.automation.testcases.TC001_Registration" time="45.919" errors="0" timestamp="7 Nov 2024 08:13:49 GMT">
  <testcase classname="com.automation.testcases.TC001_Registration" name="TC001_RegisterUser" time="45.919"/>
</testsuite> <!-- com.automation.testcases.TC001_Registration -->
