<?xml version="1.0" encoding="UTF-8"?>
<!-- Generated by org.testng.reporters.JUnitReportReporter -->
<testsuite hostname="LPNICFMVPG3" failures="0" tests="1" name="com.automation.testcases.TC022_AddToCartFromRecommendedItems" time="15.599" errors="0" timestamp="22 Oct 2024 06:25:25 GMT">
  <testcase classname="com.automation.testcases.TC022_AddToCartFromRecommendedItems" name="TC022_VerifyAddToCartFromRecommendedItems" time="15.599"/>
</testsuite> <!-- com.automation.testcases.TC022_AddToCartFromRecommendedItems -->
