<?xml version="1.0" encoding="UTF-8"?>
<!-- Generated by org.testng.reporters.JUnitReportReporter -->
<testsuite hostname="LPNICFMVPG3" failures="0" tests="1" name="com.automation.testcases.TC006_ContactUsForm" time="32.960" errors="0" timestamp="13 Oct 2024 17:17:42 GMT">
  <testcase classname="com.automation.testcases.TC006_ContactUsForm" name="TC006_FillContactUsForm" time="32.960"/>
</testsuite> <!-- com.automation.testcases.TC006_ContactUsForm -->
