<?xml version="1.0" encoding="UTF-8"?>
<!-- Generated by org.testng.reporters.JUnitReportReporter -->
<testsuite hostname="LPNICFMVPG3" failures="0" tests="1" name="com.automation.testcases.TC024_DownloadInvoiceAfterPurchaseOrder" time="71.012" errors="0" timestamp="21 Oct 2024 11:08:56 GMT">
  <testcase classname="com.automation.testcases.TC024_DownloadInvoiceAfterPurchaseOrder" name="TC024_VerifyDownloadInvoiceAfterPurchaseOrder" time="71.012"/>
</testsuite> <!-- com.automation.testcases.TC024_DownloadInvoiceAfterPurchaseOrder -->
