<?xml version="1.0" encoding="UTF-8"?>
<!-- Generated by org.testng.reporters.JUnitReportReporter -->
<testsuite hostname="LPNICFMVPG3" failures="0" tests="1" name="com.automation.testcases.TC009_SearchProduct" time="18.226" errors="0" timestamp="13 Oct 2024 17:28:34 GMT">
  <testcase classname="com.automation.testcases.TC009_SearchProduct" name="TC009_VerifySearchProduct" time="18.226"/>
</testsuite> <!-- com.automation.testcases.TC009_SearchProduct -->
