<?xml version="1.0" encoding="UTF-8"?>
<!-- Generated by org.testng.reporters.JUnitReportReporter -->
<testsuite hostname="LPNICFMVPG3" failures="0" tests="1" name="com.automation.testcases.TC014_PlaceOrderAndRegisterWhileCheckOut" time="69.135" errors="0" timestamp="13 Oct 2024 07:54:24 GMT">
  <testcase classname="com.automation.testcases.TC014_PlaceOrderAndRegisterWhileCheckOut" name="TC014_VerifyPlaceOrderAndRegisterWhileCheckOut" time="69.135"/>
</testsuite> <!-- com.automation.testcases.TC014_PlaceOrderAndRegisterWhileCheckOut -->
