<?xml version="1.0" encoding="UTF-8"?>
<!-- Generated by org.testng.reporters.JUnitReportReporter -->
<testsuite hostname="LPNICFMVPG3" failures="0" tests="1" name="com.automation.testcases.TC023_VerifyAddressDetailsInCheckoutPage" time="54.230" errors="0" timestamp="14 Oct 2024 11:25:47 GMT">
  <testcase classname="com.automation.testcases.TC023_VerifyAddressDetailsInCheckoutPage" name="TC023_VerifyAddressDetailsInCheckoutPage" time="54.230"/>
</testsuite> <!-- com.automation.testcases.TC023_VerifyAddressDetailsInCheckoutPage -->
