<?xml version="1.0" encoding="UTF-8"?>
<!-- Generated by org.testng.reporters.JUnitReportReporter -->
<testsuite hostname="LPNICFMVPG3" failures="0" tests="1" name="com.automation.testcases.TC004_VerifyUserLogout" time="18.771" errors="0" timestamp="22 Oct 2024 06:27:56 GMT">
  <testcase classname="com.automation.testcases.TC004_VerifyUserLogout" name="TC004_VerifyLogoutUser" time="18.771"/>
</testsuite> <!-- com.automation.testcases.TC004_VerifyUserLogout -->
