<?xml version="1.0" encoding="UTF-8"?>
<!-- Generated by org.testng.reporters.JUnitReportReporter -->
<testsuite hostname="LPNICFMVPG3" failures="0" tests="1" name="com.automation.testcases.TC018_VerifyCategoryProducts" time="23.052" errors="0" timestamp="13 Oct 2024 11:02:44 GMT">
  <testcase classname="com.automation.testcases.TC018_VerifyCategoryProducts" name="TC018_VerifyCategoryOnProducts" time="23.052"/>
</testsuite> <!-- com.automation.testcases.TC018_VerifyCategoryProducts -->
