<?xml version="1.0" encoding="UTF-8"?>
<!-- Generated by org.testng.reporters.JUnitReportReporter -->
<testsuite hostname="LPNICFMVPG3" failures="0" tests="1" name="com.automation.testcases.TC011_VerifySubscriptionOnCartPage" time="13.939" errors="0" timestamp="13 Oct 2024 17:31:29 GMT">
  <testcase classname="com.automation.testcases.TC011_VerifySubscriptionOnCartPage" name="TC011_VerifySubscriptionOnCartsPage" time="13.939"/>
</testsuite> <!-- com.automation.testcases.TC011_VerifySubscriptionOnCartPage -->
