<?xml version="1.0" encoding="UTF-8"?>
<!-- Generated by org.testng.reporters.JUnitReportReporter -->
<testsuite hostname="LPNICFMVPG3" failures="0" tests="1" name="com.automation.testcases.TC003_VerifyUserLoginWithInvalidCredentials" time="13.171" errors="0" timestamp="22 Oct 2024 06:27:56 GMT">
  <testcase classname="com.automation.testcases.TC003_VerifyUserLoginWithInvalidCredentials" name="TC003_VerifyInvalidUserLogin" time="13.171"/>
</testsuite> <!-- com.automation.testcases.TC003_VerifyUserLoginWithInvalidCredentials -->
