<?xml version="1.0" encoding="UTF-8"?>
<!-- Generated by org.testng.reporters.JUnitReportReporter -->
<testsuite hostname="LPNICFMVPG3" failures="0" tests="1" name="com.automation.testcases.TC013_VerifyProductQuantityInCart" time="20.524" errors="0" timestamp="22 Oct 2024 06:25:25 GMT">
  <testcase classname="com.automation.testcases.TC013_VerifyProductQuantityInCart" name="TC013_VerifyProductQuantityCart" time="20.524"/>
</testsuite> <!-- com.automation.testcases.TC013_VerifyProductQuantityInCart -->
