<?xml version="1.0" encoding="UTF-8"?>
<!-- Generated by org.testng.reporters.JUnitReportReporter -->
<testsuite hostname="LPNICFMVPG3" failures="0" tests="1" name="com.automation.testcases.TC008_VerifyProductAndProductDetails" time="19.294" errors="0" timestamp="13 Oct 2024 17:25:06 GMT">
  <testcase classname="com.automation.testcases.TC008_VerifyProductAndProductDetails" name="TC008_VerifyProductsPageAndProductDetails" time="19.294"/>
</testsuite> <!-- com.automation.testcases.TC008_VerifyProductAndProductDetails -->
