<?xml version="1.0" encoding="UTF-8"?>
<!-- Generated by org.testng.reporters.JUnitReportReporter -->
<testsuite hostname="LPNICFMVPG3" failures="0" tests="1" name="com.automation.testcases.TC002_VerifyCorrectLoginCredentials" time="40.704" errors="0" timestamp="29 Oct 2024 10:57:28 GMT">
  <testcase classname="com.automation.testcases.TC002_VerifyCorrectLoginCredentials" name="TC002_VerifyValidUserLogin" time="40.704"/>
</testsuite> <!-- com.automation.testcases.TC002_VerifyCorrectLoginCredentials -->
