<?xml version="1.0" encoding="UTF-8"?>
<!-- Generated by org.testng.reporters.JUnitReportReporter -->
<testsuite hostname="LPNICFMVPG3" failures="0" tests="1" name="com.automation.testcases.TC010_SubsciptionOnHomePage" time="11.640" errors="0" timestamp="13 Oct 2024 17:30:34 GMT">
  <testcase classname="com.automation.testcases.TC010_SubsciptionOnHomePage" name="TC010_VerifySubsciptionOnHomePage" time="11.640"/>
</testsuite> <!-- com.automation.testcases.TC010_SubsciptionOnHomePage -->
