<?xml version="1.0" encoding="UTF-8"?>
<!-- Generated by org.testng.reporters.JUnitReportReporter -->
<testsuite hostname="LPNICFMVPG3" failures="0" tests="1" name="com.automation.testcases.TC025_VerifyScrollUpUsingArrowButtonAndScrollDown" time="12.265" errors="0" timestamp="21 Oct 2024 11:22:11 GMT">
  <testcase classname="com.automation.testcases.TC025_VerifyScrollUpUsingArrowButtonAndScrollDown" name="TC011_VerifySubscriptionOnCartsPage" time="12.265"/>
</testsuite> <!-- com.automation.testcases.TC025_VerifyScrollUpUsingArrowButtonAndScrollDown -->
