<?xml version="1.0" encoding="UTF-8"?>
<!-- Generated by org.testng.reporters.JUnitReportReporter -->
<testsuite hostname="LPNICFMVPG3" failures="0" tests="1" name="com.automation.testcases.TC026_VerifyScrollUpWithoutArrowButtonAndScrollDown" time="23.360" errors="0" timestamp="21 Oct 2024 11:23:18 GMT">
  <testcase classname="com.automation.testcases.TC026_VerifyScrollUpWithoutArrowButtonAndScrollDown" name="TC011_VerifySubscriptionOnCartsPage" time="23.360"/>
</testsuite> <!-- com.automation.testcases.TC026_VerifyScrollUpWithoutArrowButtonAndScrollDown -->
