<?xml version="1.0" encoding="UTF-8"?>
<!-- Generated by org.testng.reporters.JUnitReportReporter -->
<testsuite hostname="LPNICFMVPG3" failures="0" tests="1" name="com.automation.testcases.TC015_PlaceOrderAndRegisterBeforeCheckOut" time="54.707" errors="0" timestamp="13 Oct 2024 07:46:06 GMT">
  <testcase classname="com.automation.testcases.TC015_PlaceOrderAndRegisterBeforeCheckOut" name="TC015_PlaceOrderRegisterBeforeCheckOut" time="54.707"/>
</testsuite> <!-- com.automation.testcases.TC015_PlaceOrderAndRegisterBeforeCheckOut -->
