<?xml version="1.0" encoding="UTF-8"?>
<!-- Generated by org.testng.reporters.JUnitReportReporter -->
<testsuite hostname="LPNICFMVPG3" failures="0" tests="1" name="com.automation.testcases.TC007_VerifyTestCasePage" time="25.340" errors="0" timestamp="13 Oct 2024 17:21:08 GMT">
  <testcase classname="com.automation.testcases.TC007_VerifyTestCasePage" name="TC007_VerifyTestCasesPage" time="25.340"/>
</testsuite> <!-- com.automation.testcases.TC007_VerifyTestCasePage -->
