<?xml version="1.0" encoding="UTF-8"?>
<!-- Generated by org.testng.reporters.JUnitReportReporter -->
<testsuite hostname="LPNICFMVPG3" failures="0" tests="1" name="com.automation.testcases.TC019_ViewAndCartBrandProducts" time="16.959" errors="0" timestamp="22 Oct 2024 06:25:25 GMT">
  <testcase classname="com.automation.testcases.TC019_ViewAndCartBrandProducts" name="TC019_VerifyViewAndCartBrandProducts" time="16.959"/>
</testsuite> <!-- com.automation.testcases.TC019_ViewAndCartBrandProducts -->
