<?xml version="1.0" encoding="UTF-8"?>
<!-- Generated by org.testng.reporters.JUnitReportReporter -->
<testsuite hostname="LPNICFMVPG3" failures="0" tests="1" name="com.automation.testcases.TC021_AddReviewOnProduct" time="30.097" errors="0" timestamp="14 Oct 2024 04:18:54 GMT">
  <testcase classname="com.automation.testcases.TC021_AddReviewOnProduct" name="TC021_VerifyAddReviewOnProduct" time="30.097"/>
</testsuite> <!-- com.automation.testcases.TC021_AddReviewOnProduct -->
